<?xml version="1.0" encoding="UTF-8" ?>
<testsuite errors="0" failures="0" hostname="Sevas-MacBook-Air.local" name="module_database.ModuleAppTest" tests="11" time="0.281" timestamp="2013-11-14T13:50:23">
  <properties>
[...]
</properties>
  <testcase classname="module_database.ModuleAppTest" name="testColumnData" time="0.028" />
  <testcase classname="module_database.ModuleAppTest" name="testSearchByModuleCode" time="0.024" />
  <testcase classname="module_database.ModuleAppTest" name="testSearchByModuleYear" time="0.018" />
  <testcase classname="module_database.ModuleAppTest" name="testSearchByModuleLeaderName" time="0.014" />
  <testcase classname="module_database.ModuleAppTest" name="testSearchByModuleLeaderEmail" time="0.013" />
  <testcase classname="module_database.ModuleAppTest" name="testGetCsvLine" time="0.0010" />
  <testcase classname="module_database.ModuleAppTest" name="testModuleUpdate" time="0.041" />
  <testcase classname="module_database.ModuleAppTest" name="testModuleDelete" time="0.026" />
  <testcase classname="module_database.ModuleAppTest" name="testModuleCreate" time="0.0090" />
  <testcase classname="module_database.ModuleAppTest" name="shouldThrowADuplicateExceptionWhenAddingADuplicate" time="0.01" />
  <testcase classname="module_database.ModuleAppTest" name="shouldNotUpdateModuleWithDuplicateValues" time="0.0070" />
  <system-out><![CDATA[]]></system-out>
  <system-err><![CDATA[]]></system-err>
</testsuite>
